<?xml version="1.0" encoding="UTF-8"?>
<!-- Generated by org.testng.reporters.JUnitReportReporter -->
<testsuite hostname="DELL" failures="0" tests="1" name="runcOOkamber.run1" time="7.045" errors="0" timestamp="2022-11-02T18:41:19 IST" skipped="0">
  <testcase classname="runcOOkamber.run1" name="runScenario" time="7.045"/>
  <system-out/>
</testsuite> <!-- runcOOkamber.run1 -->
