<?xml version="1.0" encoding="UTF-8"?>
<!-- Generated by org.testng.reporters.JUnitReportReporter -->
<testsuite hostname="DELL" failures="0" tests="1" name="runcOOkamber.gururun" time="9.050" errors="0" timestamp="2022-11-08T15:56:41 IST" skipped="0">
  <testcase classname="runcOOkamber.gururun" name="runScenario" time="9.050"/>
  <system-out/>
</testsuite> <!-- runcOOkamber.gururun -->
