<?xml version="1.0" encoding="UTF-8"?>
<!-- Generated by org.testng.reporters.JUnitReportReporter -->
<testsuite hostname="DELL" failures="0" tests="1" name="runcOOkamber.gururun" time="10.273" errors="0" timestamp="8 Nov 2022 10:25:37 GMT">
  <testcase classname="runcOOkamber.gururun" name="runScenario" time="10.273"/>
</testsuite> <!-- runcOOkamber.gururun -->
